  [1m[35m (210.9ms)[0m  [1m[35mCREATE DATABASE "vita_wallet_development" ENCODING = 'unicode'[0m
  [1m[35m (61.5ms)[0m  [1m[35mCREATE DATABASE "vita_wallet_test" ENCODING = 'unicode'[0m
  [1m[35m (12.0ms)[0m  [1m[35mCREATE TABLE "schema_migrations" ("version" character varying NOT NULL PRIMARY KEY)[0m
  [1m[35m (4.9ms)[0m  [1m[35mCREATE TABLE "ar_internal_metadata" ("key" character varying NOT NULL PRIMARY KEY, "value" character varying, "created_at" timestamp(6) NOT NULL, "updated_at" timestamp(6) NOT NULL)[0m
  [1m[35m (0.7ms)[0m  [1m[34mSELECT pg_try_advisory_lock(6965615160737813895)[0m
  [1m[36mActiveRecord::SchemaMigration Pluck (0.7ms)[0m  [1m[34mSELECT "schema_migrations"."version" FROM "schema_migrations" ORDER BY "schema_migrations"."version" ASC[0m
Migrating to CreateUsers (20260414205927)
  [1m[36mTRANSACTION (0.1ms)[0m  [1m[35mBEGIN[0m
  [1m[35m (6.1ms)[0m  [1m[35mCREATE TABLE "users" ("id" bigserial primary key, "email" character varying NOT NULL, "password_digest" character varying NOT NULL, "created_at" timestamp(6) NOT NULL, "updated_at" timestamp(6) NOT NULL)[0m
  [1m[35m (1.0ms)[0m  [1m[35mCREATE UNIQUE INDEX "index_users_on_email" ON "users" ("email")[0m
  [1m[36mActiveRecord::SchemaMigration Create (0.5ms)[0m  [1m[32mINSERT INTO "schema_migrations" ("version") VALUES ($1) RETURNING "version"[0m  [["version", "20260414205927"]]
  [1m[36mTRANSACTION (0.5ms)[0m  [1m[35mCOMMIT[0m
Migrating to CreateWallets (20260414205931)
  [1m[36mTRANSACTION (0.3ms)[0m  [1m[35mBEGIN[0m
  [1m[35m (6.7ms)[0m  [1m[35mCREATE TABLE "wallets" ("id" bigserial primary key, "user_id" bigint NOT NULL, "currency" character varying NOT NULL, "balance" decimal(20,8) DEFAULT 0.0 NOT NULL, "created_at" timestamp(6) NOT NULL, "updated_at" timestamp(6) NOT NULL, CONSTRAINT "fk_rails_732f6628c4"
FOREIGN KEY ("user_id")
  REFERENCES "users" ("id")
)[0m
  [1m[35m (1.0ms)[0m  [1m[35mCREATE INDEX "index_wallets_on_user_id" ON "wallets" ("user_id")[0m
  [1m[35m (1.1ms)[0m  [1m[35mCREATE UNIQUE INDEX "index_wallets_on_user_id_and_currency" ON "wallets" ("user_id", "currency")[0m
  [1m[36mActiveRecord::SchemaMigration Create (0.4ms)[0m  [1m[32mINSERT INTO "schema_migrations" ("version") VALUES ($1) RETURNING "version"[0m  [["version", "20260414205931"]]
  [1m[36mTRANSACTION (0.4ms)[0m  [1m[35mCOMMIT[0m
Migrating to CreateTransactions (20260414205934)
  [1m[36mTRANSACTION (0.3ms)[0m  [1m[35mBEGIN[0m
  [1m[35m (5.5ms)[0m  [1m[35mCREATE TABLE "transactions" ("id" bigserial primary key, "user_id" bigint NOT NULL, "source_currency" character varying NOT NULL, "target_currency" character varying NOT NULL, "source_amount" decimal(20,8) NOT NULL, "target_amount" decimal(20,8) NOT NULL, "exchange_rate" decimal(30,18) NOT NULL, "status" character varying DEFAULT 'pending' NOT NULL, "rejection_reason" character varying, "created_at" timestamp(6) NOT NULL, "updated_at" timestamp(6) NOT NULL, CONSTRAINT "fk_rails_77364e6416"
FOREIGN KEY ("user_id")
  REFERENCES "users" ("id")
)[0m
  [1m[35m (1.2ms)[0m  [1m[35mCREATE INDEX "index_transactions_on_user_id" ON "transactions" ("user_id")[0m
  [1m[35m (1.3ms)[0m  [1m[35mCREATE INDEX "index_transactions_on_user_id_and_status" ON "transactions" ("user_id", "status")[0m
  [1m[36mActiveRecord::SchemaMigration Create (0.2ms)[0m  [1m[32mINSERT INTO "schema_migrations" ("version") VALUES ($1) RETURNING "version"[0m  [["version", "20260414205934"]]
  [1m[36mTRANSACTION (0.5ms)[0m  [1m[35mCOMMIT[0m
  [1m[36mActiveRecord::InternalMetadata Load (0.5ms)[0m  [1m[34mSELECT "ar_internal_metadata".* FROM "ar_internal_metadata" WHERE "ar_internal_metadata"."key" = $1 LIMIT $2[0m  [["key", "environment"], ["LIMIT", 1]]
  [1m[36mTRANSACTION (0.1ms)[0m  [1m[35mBEGIN[0m
  [1m[36mActiveRecord::InternalMetadata Create (0.5ms)[0m  [1m[32mINSERT INTO "ar_internal_metadata" ("key", "value", "created_at", "updated_at") VALUES ($1, $2, $3, $4) RETURNING "key"[0m  [["key", "environment"], ["value", "development"], ["created_at", "2026-04-14 21:00:05.212141"], ["updated_at", "2026-04-14 21:00:05.212141"]]
  [1m[36mTRANSACTION (0.2ms)[0m  [1m[35mCOMMIT[0m
  [1m[35m (0.2ms)[0m  [1m[34mSELECT pg_advisory_unlock(6965615160737813895)[0m
  [1m[36mActiveRecord::SchemaMigration Pluck (1.0ms)[0m  [1m[34mSELECT "schema_migrations"."version" FROM "schema_migrations" ORDER BY "schema_migrations"."version" ASC[0m
  [1m[36mUser Exists? (2.4ms)[0m  [1m[34mSELECT 1 AS one FROM "users" WHERE LOWER("users"."email") = LOWER($1) LIMIT $2[0m  [["email", "test@test.com"], ["LIMIT", 1]]
  [1m[36mUser Exists? (0.9ms)[0m  [1m[34mSELECT 1 AS one FROM "users" WHERE LOWER("users"."email") = LOWER($1) LIMIT $2[0m  [["email", "test@test.com"], ["LIMIT", 1]]
  [1m[36mActiveRecord::SchemaMigration Pluck (0.7ms)[0m  [1m[34mSELECT "schema_migrations"."version" FROM "schema_migrations" ORDER BY "schema_migrations"."version" ASC[0m
  [1m[36mUser Load (0.6ms)[0m  [1m[34mSELECT "users".* FROM "users" WHERE "users"."email" = $1 LIMIT $2[0m  [["email", "demo@vitawallet.com"], ["LIMIT", 1]]
  [1m[36mTRANSACTION (0.2ms)[0m  [1m[35mBEGIN[0m
  [1m[36mUser Exists? (0.4ms)[0m  [1m[34mSELECT 1 AS one FROM "users" WHERE LOWER("users"."email") = LOWER($1) LIMIT $2[0m  [["email", "demo@vitawallet.com"], ["LIMIT", 1]]
  [1m[36mUser Create (2.9ms)[0m  [1m[32mINSERT INTO "users" ("email", "password_digest", "created_at", "updated_at") VALUES ($1, $2, $3, $4) RETURNING "id"[0m  [["email", "demo@vitawallet.com"], ["password_digest", "[FILTERED]"], ["created_at", "2026-04-14 21:00:57.694420"], ["updated_at", "2026-04-14 21:00:57.694420"]]
  [1m[36mTRANSACTION (0.4ms)[0m  [1m[35mCOMMIT[0m
  [1m[36mUser Load (0.2ms)[0m  [1m[34mSELECT "users".* FROM "users" WHERE "users"."email" = $1 LIMIT $2[0m  [["email", "empty@vitawallet.com"], ["LIMIT", 1]]
  [1m[36mTRANSACTION (0.1ms)[0m  [1m[35mBEGIN[0m
  [1m[36mUser Exists? (0.3ms)[0m  [1m[34mSELECT 1 AS one FROM "users" WHERE LOWER("users"."email") = LOWER($1) LIMIT $2[0m  [["email", "empty@vitawallet.com"], ["LIMIT", 1]]
  [1m[36mUser Create (0.3ms)[0m  [1m[32mINSERT INTO "users" ("email", "password_digest", "created_at", "updated_at") VALUES ($1, $2, $3, $4) RETURNING "id"[0m  [["email", "empty@vitawallet.com"], ["password_digest", "[FILTERED]"], ["created_at", "2026-04-14 21:00:57.875375"], ["updated_at", "2026-04-14 21:00:57.875375"]]
  [1m[36mTRANSACTION (0.2ms)[0m  [1m[35mCOMMIT[0m
  [1m[36mWallet Load (2.2ms)[0m  [1m[34mSELECT "wallets".* FROM "wallets" WHERE "wallets"."user_id" = $1 AND "wallets"."currency" = $2 LIMIT $3[0m  [["user_id", 1], ["currency", "USD"], ["LIMIT", 1]]
  [1m[36mTRANSACTION (0.1ms)[0m  [1m[35mBEGIN[0m
  [1m[36mWallet Exists? (0.3ms)[0m  [1m[34mSELECT 1 AS one FROM "wallets" WHERE "wallets"."currency" = $1 AND "wallets"."user_id" = $2 LIMIT $3[0m  [["currency", "USD"], ["user_id", 1], ["LIMIT", 1]]
  [1m[36mWallet Create (2.4ms)[0m  [1m[32mINSERT INTO "wallets" ("user_id", "currency", "balance", "created_at", "updated_at") VALUES ($1, $2, $3, $4, $5) RETURNING "id"[0m  [["user_id", 1], ["currency", "USD"], ["balance", "1000.0"], ["created_at", "2026-04-14 21:00:57.891755"], ["updated_at", "2026-04-14 21:00:57.891755"]]
  [1m[36mTRANSACTION (0.2ms)[0m  [1m[35mCOMMIT[0m
  [1m[36mWallet Load (0.2ms)[0m  [1m[34mSELECT "wallets".* FROM "wallets" WHERE "wallets"."user_id" = $1 AND "wallets"."currency" = $2 LIMIT $3[0m  [["user_id", 1], ["currency", "CLP"], ["LIMIT", 1]]
  [1m[36mTRANSACTION (0.1ms)[0m  [1m[35mBEGIN[0m
  [1m[36mWallet Exists? (0.2ms)[0m  [1m[34mSELECT 1 AS one FROM "wallets" WHERE "wallets"."currency" = $1 AND "wallets"."user_id" = $2 LIMIT $3[0m  [["currency", "CLP"], ["user_id", 1], ["LIMIT", 1]]
  [1m[36mWallet Create (0.4ms)[0m  [1m[32mINSERT INTO "wallets" ("user_id", "currency", "balance", "created_at", "updated_at") VALUES ($1, $2, $3, $4, $5) RETURNING "id"[0m  [["user_id", 1], ["currency", "CLP"], ["balance", "500000.0"], ["created_at", "2026-04-14 21:00:57.896043"], ["updated_at", "2026-04-14 21:00:57.896043"]]
  [1m[36mTRANSACTION (0.2ms)[0m  [1m[35mCOMMIT[0m
  [1m[36mWallet Load (0.2ms)[0m  [1m[34mSELECT "wallets".* FROM "wallets" WHERE "wallets"."user_id" = $1 AND "wallets"."currency" = $2 LIMIT $3[0m  [["user_id", 1], ["currency", "BTC"], ["LIMIT", 1]]
  [1m[36mTRANSACTION (0.1ms)[0m  [1m[35mBEGIN[0m
  [1m[36mWallet Exists? (0.2ms)[0m  [1m[34mSELECT 1 AS one FROM "wallets" WHERE "wallets"."currency" = $1 AND "wallets"."user_id" = $2 LIMIT $3[0m  [["currency", "BTC"], ["user_id", 1], ["LIMIT", 1]]
  [1m[36mWallet Create (0.4ms)[0m  [1m[32mINSERT INTO "wallets" ("user_id", "currency", "balance", "created_at", "updated_at") VALUES ($1, $2, $3, $4, $5) RETURNING "id"[0m  [["user_id", 1], ["currency", "BTC"], ["balance", "0.05"], ["created_at", "2026-04-14 21:00:57.898376"], ["updated_at", "2026-04-14 21:00:57.898376"]]
  [1m[36mTRANSACTION (0.2ms)[0m  [1m[35mCOMMIT[0m
  [1m[36mWallet Load (0.2ms)[0m  [1m[34mSELECT "wallets".* FROM "wallets" WHERE "wallets"."user_id" = $1 AND "wallets"."currency" = $2 LIMIT $3[0m  [["user_id", 1], ["currency", "USDC"], ["LIMIT", 1]]
  [1m[36mTRANSACTION (0.1ms)[0m  [1m[35mBEGIN[0m
  [1m[36mWallet Exists? (0.2ms)[0m  [1m[34mSELECT 1 AS one FROM "wallets" WHERE "wallets"."currency" = $1 AND "wallets"."user_id" = $2 LIMIT $3[0m  [["currency", "USDC"], ["user_id", 1], ["LIMIT", 1]]
  [1m[36mWallet Create (0.3ms)[0m  [1m[32mINSERT INTO "wallets" ("user_id", "currency", "balance", "created_at", "updated_at") VALUES ($1, $2, $3, $4, $5) RETURNING "id"[0m  [["user_id", 1], ["currency", "USDC"], ["balance", "500.0"], ["created_at", "2026-04-14 21:00:57.900471"], ["updated_at", "2026-04-14 21:00:57.900471"]]
  [1m[36mTRANSACTION (0.2ms)[0m  [1m[35mCOMMIT[0m
  [1m[36mWallet Load (0.2ms)[0m  [1m[34mSELECT "wallets".* FROM "wallets" WHERE "wallets"."user_id" = $1 AND "wallets"."currency" = $2 LIMIT $3[0m  [["user_id", 1], ["currency", "USDT"], ["LIMIT", 1]]
  [1m[36mTRANSACTION (0.1ms)[0m  [1m[35mBEGIN[0m
  [1m[36mWallet Exists? (0.2ms)[0m  [1m[34mSELECT 1 AS one FROM "wallets" WHERE "wallets"."currency" = $1 AND "wallets"."user_id" = $2 LIMIT $3[0m  [["currency", "USDT"], ["user_id", 1], ["LIMIT", 1]]
  [1m[36mWallet Create (0.3ms)[0m  [1m[32mINSERT INTO "wallets" ("user_id", "currency", "balance", "created_at", "updated_at") VALUES ($1, $2, $3, $4, $5) RETURNING "id"[0m  [["user_id", 1], ["currency", "USDT"], ["balance", "500.0"], ["created_at", "2026-04-14 21:00:57.902531"], ["updated_at", "2026-04-14 21:00:57.902531"]]
  [1m[36mTRANSACTION (0.2ms)[0m  [1m[35mCOMMIT[0m
  [1m[36mWallet Load (0.2ms)[0m  [1m[34mSELECT "wallets".* FROM "wallets" WHERE "wallets"."user_id" = $1 AND "wallets"."currency" = $2 LIMIT $3[0m  [["user_id", 2], ["currency", "USD"], ["LIMIT", 1]]
  [1m[36mTRANSACTION (0.0ms)[0m  [1m[35mBEGIN[0m
  [1m[36mWallet Exists? (0.2ms)[0m  [1m[34mSELECT 1 AS one FROM "wallets" WHERE "wallets"."currency" = $1 AND "wallets"."user_id" = $2 LIMIT $3[0m  [["currency", "USD"], ["user_id", 2], ["LIMIT", 1]]
  [1m[36mWallet Create (0.3ms)[0m  [1m[32mINSERT INTO "wallets" ("user_id", "currency", "balance", "created_at", "updated_at") VALUES ($1, $2, $3, $4, $5) RETURNING "id"[0m  [["user_id", 2], ["currency", "USD"], ["balance", "0.0"], ["created_at", "2026-04-14 21:00:57.904442"], ["updated_at", "2026-04-14 21:00:57.904442"]]
  [1m[36mTRANSACTION (0.2ms)[0m  [1m[35mCOMMIT[0m
  [1m[36mWallet Load (0.1ms)[0m  [1m[34mSELECT "wallets".* FROM "wallets" WHERE "wallets"."user_id" = $1 AND "wallets"."currency" = $2 LIMIT $3[0m  [["user_id", 2], ["currency", "CLP"], ["LIMIT", 1]]
  [1m[36mTRANSACTION (0.0ms)[0m  [1m[35mBEGIN[0m
  [1m[36mWallet Exists? (0.2ms)[0m  [1m[34mSELECT 1 AS one FROM "wallets" WHERE "wallets"."currency" = $1 AND "wallets"."user_id" = $2 LIMIT $3[0m  [["currency", "CLP"], ["user_id", 2], ["LIMIT", 1]]
  [1m[36mWallet Create (0.3ms)[0m  [1m[32mINSERT INTO "wallets" ("user_id", "currency", "balance", "created_at", "updated_at") VALUES ($1, $2, $3, $4, $5) RETURNING "id"[0m  [["user_id", 2], ["currency", "CLP"], ["balance", "0.0"], ["created_at", "2026-04-14 21:00:57.906389"], ["updated_at", "2026-04-14 21:00:57.906389"]]
  [1m[36mTRANSACTION (0.2ms)[0m  [1m[35mCOMMIT[0m
  [1m[36mWallet Load (0.1ms)[0m  [1m[34mSELECT "wallets".* FROM "wallets" WHERE "wallets"."user_id" = $1 AND "wallets"."currency" = $2 LIMIT $3[0m  [["user_id", 2], ["currency", "BTC"], ["LIMIT", 1]]
  [1m[36mTRANSACTION (0.1ms)[0m  [1m[35mBEGIN[0m
  [1m[36mWallet Exists? (0.2ms)[0m  [1m[34mSELECT 1 AS one FROM "wallets" WHERE "wallets"."currency" = $1 AND "wallets"."user_id" = $2 LIMIT $3[0m  [["currency", "BTC"], ["user_id", 2], ["LIMIT", 1]]
  [1m[36mWallet Create (0.2ms)[0m  [1m[32mINSERT INTO "wallets" ("user_id", "currency", "balance", "created_at", "updated_at") VALUES ($1, $2, $3, $4, $5) RETURNING "id"[0m  [["user_id", 2], ["currency", "BTC"], ["balance", "0.0"], ["created_at", "2026-04-14 21:00:57.908306"], ["updated_at", "2026-04-14 21:00:57.908306"]]
  [1m[36mTRANSACTION (0.2ms)[0m  [1m[35mCOMMIT[0m
  [1m[36mWallet Load (0.2ms)[0m  [1m[34mSELECT "wallets".* FROM "wallets" WHERE "wallets"."user_id" = $1 AND "wallets"."currency" = $2 LIMIT $3[0m  [["user_id", 2], ["currency", "USDC"], ["LIMIT", 1]]
  [1m[36mTRANSACTION (0.1ms)[0m  [1m[35mBEGIN[0m
  [1m[36mWallet Exists? (0.3ms)[0m  [1m[34mSELECT 1 AS one FROM "wallets" WHERE "wallets"."currency" = $1 AND "wallets"."user_id" = $2 LIMIT $3[0m  [["currency", "USDC"], ["user_id", 2], ["LIMIT", 1]]
  [1m[36mWallet Create (0.3ms)[0m  [1m[32mINSERT INTO "wallets" ("user_id", "currency", "balance", "created_at", "updated_at") VALUES ($1, $2, $3, $4, $5) RETURNING "id"[0m  [["user_id", 2], ["currency", "USDC"], ["balance", "0.0"], ["created_at", "2026-04-14 21:00:57.910343"], ["updated_at", "2026-04-14 21:00:57.910343"]]
  [1m[36mTRANSACTION (0.2ms)[0m  [1m[35mCOMMIT[0m
  [1m[36mWallet Load (0.2ms)[0m  [1m[34mSELECT "wallets".* FROM "wallets" WHERE "wallets"."user_id" = $1 AND "wallets"."currency" = $2 LIMIT $3[0m  [["user_id", 2], ["currency", "USDT"], ["LIMIT", 1]]
  [1m[36mTRANSACTION (0.1ms)[0m  [1m[35mBEGIN[0m
  [1m[36mWallet Exists? (0.2ms)[0m  [1m[34mSELECT 1 AS one FROM "wallets" WHERE "wallets"."currency" = $1 AND "wallets"."user_id" = $2 LIMIT $3[0m  [["currency", "USDT"], ["user_id", 2], ["LIMIT", 1]]
  [1m[36mWallet Create (0.3ms)[0m  [1m[32mINSERT INTO "wallets" ("user_id", "currency", "balance", "created_at", "updated_at") VALUES ($1, $2, $3, $4, $5) RETURNING "id"[0m  [["user_id", 2], ["currency", "USDT"], ["balance", "0.0"], ["created_at", "2026-04-14 21:00:57.915465"], ["updated_at", "2026-04-14 21:00:57.915465"]]
  [1m[36mTRANSACTION (0.2ms)[0m  [1m[35mCOMMIT[0m
  [1m[36mUser Count (0.7ms)[0m  [1m[34mSELECT COUNT(*) FROM "users"[0m
  [1m[36mWallet Count (0.2ms)[0m  [1m[34mSELECT COUNT(*) FROM "wallets"[0m
  [1m[36mCACHE User Count (0.0ms)[0m  [1m[34mSELECT COUNT(*) FROM "users"[0m
  [1m[36mUser Count (1.1ms)[0m  [1m[34mSELECT COUNT(*) FROM "users"[0m
  [1m[36mWallet Count (1.1ms)[0m  [1m[34mSELECT COUNT(*) FROM "wallets"[0m
  [1m[36mUser Load (0.2ms)[0m  [1m[34mSELECT "users".* FROM "users" WHERE "users"."email" = $1 LIMIT $2[0m  [["email", "demo@vitawallet.com"], ["LIMIT", 1]]
  [1m[36mWallet Pluck (0.1ms)[0m  [1m[34mSELECT "wallets"."currency", "wallets"."balance" FROM "wallets" WHERE "wallets"."user_id" = $1[0m  [["user_id", 1]]
  [1m[36mUser Load (0.1ms)[0m  [1m[34mSELECT "users".* FROM "users" WHERE "users"."email" = $1 LIMIT $2[0m  [["email", "empty@vitawallet.com"], ["LIMIT", 1]]
  [1m[36mWallet Pluck (0.1ms)[0m  [1m[34mSELECT "wallets"."currency", "wallets"."balance" FROM "wallets" WHERE "wallets"."user_id" = $1[0m  [["user_id", 2]]
  [1m[36mActiveRecord::SchemaMigration Pluck (0.7ms)[0m  [1m[34mSELECT "schema_migrations"."version" FROM "schema_migrations" ORDER BY "schema_migrations"."version" ASC[0m
  [1m[36mUser Load (0.4ms)[0m  [1m[34mSELECT "users".* FROM "users" WHERE "users"."email" = $1 LIMIT $2[0m  [["email", "demo@vitawallet.com"], ["LIMIT", 1]]
  [1m[36mUser Load (0.1ms)[0m  [1m[34mSELECT "users".* FROM "users" WHERE "users"."email" = $1 LIMIT $2[0m  [["email", "empty@vitawallet.com"], ["LIMIT", 1]]
  [1m[36mWallet Load (0.5ms)[0m  [1m[34mSELECT "wallets".* FROM "wallets" WHERE "wallets"."user_id" = $1 AND "wallets"."currency" = $2 LIMIT $3[0m  [["user_id", 1], ["currency", "USD"], ["LIMIT", 1]]
  [1m[36mWallet Load (0.1ms)[0m  [1m[34mSELECT "wallets".* FROM "wallets" WHERE "wallets"."user_id" = $1 AND "wallets"."currency" = $2 LIMIT $3[0m  [["user_id", 1], ["currency", "CLP"], ["LIMIT", 1]]
  [1m[36mWallet Load (0.1ms)[0m  [1m[34mSELECT "wallets".* FROM "wallets" WHERE "wallets"."user_id" = $1 AND "wallets"."currency" = $2 LIMIT $3[0m  [["user_id", 1], ["currency", "BTC"], ["LIMIT", 1]]
  [1m[36mWallet Load (0.1ms)[0m  [1m[34mSELECT "wallets".* FROM "wallets" WHERE "wallets"."user_id" = $1 AND "wallets"."currency" = $2 LIMIT $3[0m  [["user_id", 1], ["currency", "USDC"], ["LIMIT", 1]]
  [1m[36mWallet Load (0.1ms)[0m  [1m[34mSELECT "wallets".* FROM "wallets" WHERE "wallets"."user_id" = $1 AND "wallets"."currency" = $2 LIMIT $3[0m  [["user_id", 1], ["currency", "USDT"], ["LIMIT", 1]]
  [1m[36mWallet Load (0.1ms)[0m  [1m[34mSELECT "wallets".* FROM "wallets" WHERE "wallets"."user_id" = $1 AND "wallets"."currency" = $2 LIMIT $3[0m  [["user_id", 2], ["currency", "USD"], ["LIMIT", 1]]
  [1m[36mWallet Load (0.1ms)[0m  [1m[34mSELECT "wallets".* FROM "wallets" WHERE "wallets"."user_id" = $1 AND "wallets"."currency" = $2 LIMIT $3[0m  [["user_id", 2], ["currency", "CLP"], ["LIMIT", 1]]
  [1m[36mWallet Load (0.0ms)[0m  [1m[34mSELECT "wallets".* FROM "wallets" WHERE "wallets"."user_id" = $1 AND "wallets"."currency" = $2 LIMIT $3[0m  [["user_id", 2], ["currency", "BTC"], ["LIMIT", 1]]
  [1m[36mWallet Load (0.0ms)[0m  [1m[34mSELECT "wallets".* FROM "wallets" WHERE "wallets"."user_id" = $1 AND "wallets"."currency" = $2 LIMIT $3[0m  [["user_id", 2], ["currency", "USDC"], ["LIMIT", 1]]
  [1m[36mWallet Load (0.1ms)[0m  [1m[34mSELECT "wallets".* FROM "wallets" WHERE "wallets"."user_id" = $1 AND "wallets"."currency" = $2 LIMIT $3[0m  [["user_id", 2], ["currency", "USDT"], ["LIMIT", 1]]
  [1m[36mUser Count (0.2ms)[0m  [1m[34mSELECT COUNT(*) FROM "users"[0m
  [1m[36mWallet Count (0.1ms)[0m  [1m[34mSELECT COUNT(*) FROM "wallets"[0m
  [1m[36mCACHE User Count (0.0ms)[0m  [1m[34mSELECT COUNT(*) FROM "users"[0m
  [1m[36mUser Count (0.5ms)[0m  [1m[34mSELECT COUNT(*) FROM "users"[0m
  [1m[36mWallet Count (0.5ms)[0m  [1m[34mSELECT COUNT(*) FROM "wallets"[0m
  [1m[36mUser Load (0.6ms)[0m  [1m[34mSELECT "users".* FROM "users" WHERE "users"."email" = $1 LIMIT $2[0m  [["email", "demo@vitawallet.com"], ["LIMIT", 1]]
  [1m[36mWallet Load (0.6ms)[0m  [1m[34mSELECT "wallets".* FROM "wallets" WHERE "wallets"."user_id" = $1[0m  [["user_id", 1]]
  ↳ app/serializers/base_serializer.rb:19:in `map'
  [1m[36mWallet Load (0.6ms)[0m  [1m[34mSELECT "wallets".* FROM "wallets" ORDER BY "wallets"."id" ASC LIMIT $1[0m  [["LIMIT", 1]]
